{"sessionId": "185af0", "location": "database.py:run_query", "message": "SQLite path", "data": {"db_type": "sqlite", "query_refs_spending_predictions": false}, "hypothesisId": "H1", "timestamp": 1772340589478}
{"sessionId": "185af0", "location": "database.py:run_query", "message": "SQLite path", "data": {"db_type": "sqlite", "query_refs_spending_predictions": false}, "hypothesisId": "H1", "timestamp": 1772340589479}
{"sessionId": "185af0", "location": "database.py:run_query", "message": "SQLite path", "data": {"db_type": "sqlite", "query_refs_spending_predictions": false}, "hypothesisId": "H1", "timestamp": 1772340589482}
{"sessionId": "185af0", "location": "database.py:run_query", "message": "SQLite path", "data": {"db_type": "sqlite", "query_refs_spending_predictions": false}, "hypothesisId": "H1", "timestamp": 1772340589482}
{"sessionId": "185af0", "location": "database.py:run_query", "message": "SQLite path", "data": {"db_type": "sqlite", "query_refs_spending_predictions": false}, "hypothesisId": "H1", "timestamp": 1772340589482}
{"sessionId": "185af0", "location": "database.py:run_query", "message": "SQLite path", "data": {"db_type": "sqlite", "query_refs_spending_predictions": true}, "hypothesisId": "H1", "timestamp": 1772340589487}
{"sessionId": "185af0", "location": "database.py:run_query", "message": "SQLite path", "data": {"db_type": "sqlite", "query_refs_spending_predictions": true}, "hypothesisId": "H1", "timestamp": 1772340589490}
{"sessionId": "185af0", "location": "database.py:run_query", "message": "SQLite path", "data": {"db_type": "sqlite", "query_refs_spending_predictions": false}, "hypothesisId": "H1", "timestamp": 1772340598324}
{"sessionId": "185af0", "location": "database.py:run_query", "message": "SQLite path", "data": {"db_type": "sqlite", "query_refs_spending_predictions": false}, "hypothesisId": "H1", "timestamp": 1772340598326}
{"sessionId": "185af0", "location": "database.py:run_query", "message": "SQLite path", "data": {"db_type": "sqlite", "query_refs_spending_predictions": false}, "hypothesisId": "H1", "timestamp": 1772340598329}
{"sessionId": "185af0", "location": "database.py:run_query", "message": "SQLite path", "data": {"db_type": "sqlite", "query_refs_spending_predictions": false}, "hypothesisId": "H1", "timestamp": 1772340598332}
{"sessionId": "185af0", "location": "database.py:run_query", "message": "SQLite path", "data": {"db_type": "sqlite", "query_refs_spending_predictions": false}, "hypothesisId": "H1", "timestamp": 1772340598335}
{"sessionId": "185af0", "location": "database.py:run_query", "message": "SQLite path", "data": {"db_type": "sqlite", "query_refs_spending_predictions": false}, "hypothesisId": "H1", "timestamp": 1772340598337}
{"sessionId": "185af0", "location": "database.py:run_query", "message": "SQLite path", "data": {"db_type": "sqlite", "query_refs_spending_predictions": true}, "hypothesisId": "H1", "timestamp": 1772340598340}
{"sessionId": "185af0", "location": "database.py:run_query", "message": "SQLite path", "data": {"db_type": "sqlite", "query_refs_spending_predictions": true}, "hypothesisId": "H1", "timestamp": 1772340598342}
{"sessionId": "185af0", "location": "database.py:run_query", "message": "SQLite path", "data": {"db_type": "sqlite", "query_refs_spending_predictions": false}, "hypothesisId": "H1", "timestamp": 1772340601838}
{"sessionId": "185af0", "location": "database.py:run_query", "message": "SQLite path", "data": {"db_type": "sqlite", "query_refs_spending_predictions": false}, "hypothesisId": "H1", "timestamp": 1772340601841}
{"sessionId": "185af0", "location": "database.py:run_query", "message": "SQLite path", "data": {"db_type": "sqlite", "query_refs_spending_predictions": false}, "hypothesisId": "H1", "timestamp": 1772340601841}
{"sessionId": "185af0", "location": "database.py:run_query", "message": "SQLite path", "data": {"db_type": "sqlite", "query_refs_spending_predictions": false}, "hypothesisId": "H1", "timestamp": 1772340601841}
{"sessionId": "185af0", "location": "database.py:run_query", "message": "SQLite path", "data": {"db_type": "sqlite", "query_refs_spending_predictions": false}, "hypothesisId": "H1", "timestamp": 1772340601844}
{"sessionId": "185af0", "location": "database.py:run_query", "message": "SQLite path", "data": {"db_type": "sqlite", "query_refs_spending_predictions": false}, "hypothesisId": "H1", "timestamp": 1772340601844}
{"sessionId": "185af0", "location": "database.py:run_query", "message": "SQLite path", "data": {"db_type": "sqlite", "query_refs_spending_predictions": true}, "hypothesisId": "H1", "timestamp": 1772340601850}
{"sessionId": "185af0", "location": "database.py:run_query", "message": "SQLite path", "data": {"db_type": "sqlite", "query_refs_spending_predictions": true}, "hypothesisId": "H1", "timestamp": 1772340601852}
{"sessionId": "185af0", "location": "database.py:run_query", "message": "SQLite path", "data": {"db_type": "sqlite", "query_refs_spending_predictions": false}, "hypothesisId": "H1", "timestamp": 1772340603175}
{"sessionId": "185af0", "location": "gcalendar/service.py", "message": "sync_calendar: token check", "data": {"db_type": "sqlite", "has_rows": true, "has_token": true}, "hypothesisId": "sync_debug", "timestamp": 1772340603176}
{"sessionId": "185af0", "location": "gcalendar/service.py", "message": "sync_calendar: fetch ok, saving events", "data": {"event_count": 2}, "hypothesisId": "sync_debug", "timestamp": 1772340604209}
{"sessionId": "185af0", "location": "database.py:run_query", "message": "SQLite path", "data": {"db_type": "sqlite", "query_refs_spending_predictions": false}, "hypothesisId": "H1", "timestamp": 1772340604210}
{"sessionId": "185af0", "location": "gcalendar/service.py", "message": "sync_calendar: save events failed", "data": {"error_type": "OperationalError", "error_message": "near \"MERGE\": syntax error"}, "hypothesisId": "sync_debug", "timestamp": 1772340604210}
{"sessionId": "185af0", "location": "database.py:run_query", "message": "SQLite path", "data": {"db_type": "sqlite", "query_refs_spending_predictions": false}, "hypothesisId": "H1", "timestamp": 1772340715466}
{"sessionId": "185af0", "location": "database.py:run_query", "message": "SQLite path", "data": {"db_type": "sqlite", "query_refs_spending_predictions": false}, "hypothesisId": "H1", "timestamp": 1772340715466}
{"sessionId": "185af0", "location": "database.py:run_query", "message": "SQLite path", "data": {"db_type": "sqlite", "query_refs_spending_predictions": false}, "hypothesisId": "H1", "timestamp": 1772340715466}
{"sessionId": "185af0", "location": "database.py:run_query", "message": "SQLite path", "data": {"db_type": "sqlite", "query_refs_spending_predictions": false}, "hypothesisId": "H1", "timestamp": 1772340715469}
{"sessionId": "185af0", "location": "database.py:run_query", "message": "SQLite path", "data": {"db_type": "sqlite", "query_refs_spending_predictions": false}, "hypothesisId": "H1", "timestamp": 1772340715470}
{"sessionId": "185af0", "location": "database.py:run_query", "message": "SQLite path", "data": {"db_type": "sqlite", "query_refs_spending_predictions": false}, "hypothesisId": "H1", "timestamp": 1772340715470}
{"sessionId": "185af0", "location": "database.py:run_query", "message": "SQLite path", "data": {"db_type": "sqlite", "query_refs_spending_predictions": true}, "hypothesisId": "H1", "timestamp": 1772340715476}
{"sessionId": "185af0", "location": "database.py:run_query", "message": "SQLite path", "data": {"db_type": "sqlite", "query_refs_spending_predictions": true}, "hypothesisId": "H1", "timestamp": 1772340715478}
{"sessionId": "185af0", "location": "database.py:run_query", "message": "SQLite path", "data": {"db_type": "sqlite", "query_refs_spending_predictions": false}, "hypothesisId": "H1", "timestamp": 1772340716455}
{"sessionId": "185af0", "location": "gcalendar/service.py", "message": "sync_calendar: token check", "data": {"db_type": "sqlite", "has_rows": true, "has_token": true}, "hypothesisId": "sync_debug", "timestamp": 1772340716456}
{"sessionId": "185af0", "location": "gcalendar/service.py", "message": "sync_calendar: fetch ok, saving events", "data": {"event_count": 2}, "hypothesisId": "sync_debug", "timestamp": 1772340717527}
{"sessionId": "185af0", "location": "database.py:run_query", "message": "SQLite path", "data": {"db_type": "sqlite", "query_refs_spending_predictions": false}, "hypothesisId": "H1", "timestamp": 1772340717527}
{"sessionId": "185af0", "location": "database.py:run_query", "message": "SQLite path", "data": {"db_type": "sqlite", "query_refs_spending_predictions": false}, "hypothesisId": "H1", "timestamp": 1772340717544}
{"sessionId": "185af0", "location": "database.py:run_query", "message": "SQLite path", "data": {"db_type": "sqlite", "query_refs_spending_predictions": false}, "hypothesisId": "H1", "timestamp": 1772340739190}
{"sessionId": "185af0", "location": "database.py:run_query", "message": "SQLite path", "data": {"db_type": "sqlite", "query_refs_spending_predictions": true}, "hypothesisId": "H1", "timestamp": 1772340739190}
{"sessionId": "185af0", "location": "predictions/service.py", "message": "generate_predictions: events fetched", "data": {"db_type": "sqlite", "event_count": 1}, "hypothesisId": "predict_verify", "timestamp": 1772340739191}
{"sessionId": "185af0", "location": "database.py:run_query", "message": "SQLite path", "data": {"db_type": "sqlite", "query_refs_spending_predictions": false}, "hypothesisId": "H1", "timestamp": 1772340739191}
{"sessionId": "185af0", "location": "predictions/service.py", "message": "generate_predictions: prediction failed for event", "data": {"event_id": "_68o42chh70o34b9k8h0k2b9k64qk2b9p8913cba26h2j8h1k8p13ch2384_20260303", "error_type": "OperationalError", "error_message": "near \"(\": syntax error"}, "hypothesisId": "predict_verify", "timestamp": 1772340739192}
{"sessionId": "185af0", "location": "database.py:run_query", "message": "SQLite path", "data": {"db_type": "sqlite", "query_refs_spending_predictions": false}, "hypothesisId": "H1", "timestamp": 1772340741369}
{"sessionId": "185af0", "location": "gcalendar/service.py", "message": "sync_calendar: token check", "data": {"db_type": "sqlite", "has_rows": true, "has_token": true}, "hypothesisId": "sync_debug", "timestamp": 1772340741369}
{"sessionId": "185af0", "location": "gcalendar/service.py", "message": "sync_calendar: fetch ok, saving events", "data": {"event_count": 2}, "hypothesisId": "sync_debug", "timestamp": 1772340742434}
{"sessionId": "185af0", "location": "database.py:run_query", "message": "SQLite path", "data": {"db_type": "sqlite", "query_refs_spending_predictions": false}, "hypothesisId": "H1", "timestamp": 1772340742435}
{"sessionId": "185af0", "location": "database.py:run_query", "message": "SQLite path", "data": {"db_type": "sqlite", "query_refs_spending_predictions": false}, "hypothesisId": "H1", "timestamp": 1772340742456}
{"sessionId": "185af0", "location": "database.py:run_query", "message": "SQLite path", "data": {"db_type": "sqlite", "query_refs_spending_predictions": false}, "hypothesisId": "H1", "timestamp": 1772340743617}
{"sessionId": "185af0", "location": "database.py:run_query", "message": "SQLite path", "data": {"db_type": "sqlite", "query_refs_spending_predictions": true}, "hypothesisId": "H1", "timestamp": 1772340743618}
{"sessionId": "185af0", "location": "predictions/service.py", "message": "generate_predictions: events fetched", "data": {"db_type": "sqlite", "event_count": 1}, "hypothesisId": "predict_verify", "timestamp": 1772340743618}
{"sessionId": "185af0", "location": "database.py:run_query", "message": "SQLite path", "data": {"db_type": "sqlite", "query_refs_spending_predictions": false}, "hypothesisId": "H1", "timestamp": 1772340743619}
{"sessionId": "185af0", "location": "predictions/service.py", "message": "generate_predictions: prediction failed for event", "data": {"event_id": "_68o42chh70o34b9k8h0k2b9k64qk2b9p8913cba26h2j8h1k8p13ch2384_20260303", "error_type": "OperationalError", "error_message": "near \"(\": syntax error"}, "hypothesisId": "predict_verify", "timestamp": 1772340743619}
{"sessionId": "185af0", "location": "database.py:run_query", "message": "SQLite path", "data": {"db_type": "sqlite", "query_refs_spending_predictions": false}, "hypothesisId": "H1", "timestamp": 1772340771520}
{"sessionId": "185af0", "location": "gcalendar/service.py", "message": "sync_calendar: token check", "data": {"db_type": "sqlite", "has_rows": true, "has_token": true}, "hypothesisId": "sync_debug", "timestamp": 1772340771521}
{"sessionId": "185af0", "location": "gcalendar/service.py", "message": "sync_calendar: fetch ok, saving events", "data": {"event_count": 2}, "hypothesisId": "sync_debug", "timestamp": 1772340772569}
{"sessionId": "185af0", "location": "database.py:run_query", "message": "SQLite path", "data": {"db_type": "sqlite", "query_refs_spending_predictions": false}, "hypothesisId": "H1", "timestamp": 1772340772570}
{"sessionId": "185af0", "location": "database.py:run_query", "message": "SQLite path", "data": {"db_type": "sqlite", "query_refs_spending_predictions": false}, "hypothesisId": "H1", "timestamp": 1772340772586}
{"sessionId": "185af0", "location": "database.py:run_query", "message": "SQLite path", "data": {"db_type": "sqlite", "query_refs_spending_predictions": false}, "hypothesisId": "H1", "timestamp": 1772341020336}
{"sessionId": "185af0", "location": "database.py:run_query", "message": "SQLite path", "data": {"db_type": "sqlite", "query_refs_spending_predictions": false}, "hypothesisId": "H1", "timestamp": 1772341020336}
{"sessionId": "185af0", "location": "database.py:run_query", "message": "SQLite path", "data": {"db_type": "sqlite", "query_refs_spending_predictions": false}, "hypothesisId": "H1", "timestamp": 1772341020336}
{"sessionId": "185af0", "location": "database.py:run_query", "message": "SQLite path", "data": {"db_type": "sqlite", "query_refs_spending_predictions": false}, "hypothesisId": "H1", "timestamp": 1772341020341}
{"sessionId": "185af0", "location": "database.py:run_query", "message": "SQLite path", "data": {"db_type": "sqlite", "query_refs_spending_predictions": false}, "hypothesisId": "H1", "timestamp": 1772341020342}
{"sessionId": "185af0", "location": "database.py:run_query", "message": "SQLite path", "data": {"db_type": "sqlite", "query_refs_spending_predictions": false}, "hypothesisId": "H1", "timestamp": 1772341020342}
{"sessionId": "185af0", "location": "database.py:run_query", "message": "SQLite path", "data": {"db_type": "sqlite", "query_refs_spending_predictions": true}, "hypothesisId": "H1", "timestamp": 1772341020354}
{"sessionId": "185af0", "location": "database.py:run_query", "message": "SQLite path", "data": {"db_type": "sqlite", "query_refs_spending_predictions": true}, "hypothesisId": "H1", "timestamp": 1772341020357}
{"sessionId": "185af0", "location": "database.py:run_query", "message": "SQLite path", "data": {"db_type": "sqlite", "query_refs_spending_predictions": false}, "hypothesisId": "H1", "timestamp": 1772341021557}
{"sessionId": "185af0", "location": "gcalendar/service.py", "message": "sync_calendar: token check", "data": {"db_type": "sqlite", "has_rows": true, "has_token": true}, "hypothesisId": "sync_debug", "timestamp": 1772341021558}
{"sessionId": "185af0", "location": "gcalendar/service.py", "message": "sync_calendar: fetch ok, saving events", "data": {"event_count": 2}, "hypothesisId": "sync_debug", "timestamp": 1772341022785}
{"sessionId": "185af0", "location": "database.py:run_query", "message": "SQLite path", "data": {"db_type": "sqlite", "query_refs_spending_predictions": false}, "hypothesisId": "H1", "timestamp": 1772341022786}
{"sessionId": "185af0", "location": "database.py:run_query", "message": "SQLite path", "data": {"db_type": "sqlite", "query_refs_spending_predictions": false}, "hypothesisId": "H1", "timestamp": 1772341022803}
{"sessionId": "185af0", "location": "database.py:run_query", "message": "SQLite path", "data": {"db_type": "sqlite", "query_refs_spending_predictions": false}, "hypothesisId": "H1", "timestamp": 1772341023663}
{"sessionId": "185af0", "location": "database.py:run_query", "message": "SQLite path", "data": {"db_type": "sqlite", "query_refs_spending_predictions": true}, "hypothesisId": "H1", "timestamp": 1772341023665}
{"sessionId": "185af0", "location": "predictions/service.py", "message": "generate_predictions: events fetched", "data": {"db_type": "sqlite", "event_count": 1}, "hypothesisId": "predict_verify", "timestamp": 1772341023666}
{"sessionId": "185af0", "location": "database.py:run_query", "message": "SQLite path", "data": {"db_type": "sqlite", "query_refs_spending_predictions": false}, "hypothesisId": "H1", "timestamp": 1772341023667}
{"sessionId": "185af0", "location": "predictions/service.py", "message": "generate_predictions: cortex failed, using fallback", "data": {"event_id": "_68o42chh70o34b9k8h0k2b9k64qk2b9p8913cba26h2j8h1k8p13ch2384_20260303", "error_type": "OperationalError", "error_message": "near \"(\": syntax error"}, "hypothesisId": "predict_verify", "timestamp": 1772341023667}
{"sessionId": "185af0", "location": "database.py:run_query", "message": "SQLite path", "data": {"db_type": "sqlite", "query_refs_spending_predictions": true}, "hypothesisId": "H1", "timestamp": 1772341023668}
{"sessionId": "185af0", "location": "predictions/service.py", "message": "generate_predictions: prediction ok", "data": {"event_id": "_68o42chh70o34b9k8h0k2b9k64qk2b9p8913cba26h2j8h1k8p13ch2384_20260303", "predicted_amount": 27.43}, "hypothesisId": "predict_verify", "timestamp": 1772341023677}
{"sessionId": "185af0", "location": "database.py:run_query", "message": "SQLite path", "data": {"db_type": "sqlite", "query_refs_spending_predictions": false}, "hypothesisId": "H1", "timestamp": 1772341034103}
{"sessionId": "185af0", "location": "database.py:run_query", "message": "SQLite path", "data": {"db_type": "sqlite", "query_refs_spending_predictions": false}, "hypothesisId": "H1", "timestamp": 1772341034106}
{"sessionId": "185af0", "location": "database.py:run_query", "message": "SQLite path", "data": {"db_type": "sqlite", "query_refs_spending_predictions": false}, "hypothesisId": "H1", "timestamp": 1772341034106}
{"sessionId": "185af0", "location": "database.py:run_query", "message": "SQLite path", "data": {"db_type": "sqlite", "query_refs_spending_predictions": false}, "hypothesisId": "H1", "timestamp": 1772341034107}
{"sessionId": "185af0", "location": "database.py:run_query", "message": "SQLite path", "data": {"db_type": "sqlite", "query_refs_spending_predictions": false}, "hypothesisId": "H1", "timestamp": 1772341034110}
{"sessionId": "185af0", "location": "database.py:run_query", "message": "SQLite path", "data": {"db_type": "sqlite", "query_refs_spending_predictions": false}, "hypothesisId": "H1", "timestamp": 1772341034110}
{"sessionId": "185af0", "location": "database.py:run_query", "message": "SQLite path", "data": {"db_type": "sqlite", "query_refs_spending_predictions": true}, "hypothesisId": "H1", "timestamp": 1772341034110}
{"sessionId": "185af0", "location": "database.py:run_query", "message": "SQLite path", "data": {"db_type": "sqlite", "query_refs_spending_predictions": true}, "hypothesisId": "H1", "timestamp": 1772341034114}
{"sessionId": "185af0", "location": "database.py:run_query", "message": "SQLite path", "data": {"db_type": "sqlite", "query_refs_spending_predictions": false}, "hypothesisId": "H1", "timestamp": 1772341266767}
{"sessionId": "185af0", "location": "database.py:run_query", "message": "SQLite path", "data": {"db_type": "sqlite", "query_refs_spending_predictions": false}, "hypothesisId": "H1", "timestamp": 1772341266767}
{"sessionId": "185af0", "location": "database.py:run_query", "message": "SQLite path", "data": {"db_type": "sqlite", "query_refs_spending_predictions": false}, "hypothesisId": "H1", "timestamp": 1772341266767}
{"sessionId": "185af0", "location": "database.py:run_query", "message": "SQLite path", "data": {"db_type": "sqlite", "query_refs_spending_predictions": false}, "hypothesisId": "H1", "timestamp": 1772341266771}
{"sessionId": "185af0", "location": "database.py:run_query", "message": "SQLite path", "data": {"db_type": "sqlite", "query_refs_spending_predictions": false}, "hypothesisId": "H1", "timestamp": 1772341266771}
{"sessionId": "185af0", "location": "database.py:run_query", "message": "SQLite path", "data": {"db_type": "sqlite", "query_refs_spending_predictions": false}, "hypothesisId": "H1", "timestamp": 1772341266771}
{"sessionId": "185af0", "location": "database.py:run_query", "message": "SQLite path", "data": {"db_type": "sqlite", "query_refs_spending_predictions": true}, "hypothesisId": "H1", "timestamp": 1772341266777}
{"sessionId": "185af0", "location": "database.py:run_query", "message": "SQLite path", "data": {"db_type": "sqlite", "query_refs_spending_predictions": true}, "hypothesisId": "H1", "timestamp": 1772341266779}
{"sessionId": "185af0", "location": "database.py:run_query", "message": "SQLite path", "data": {"db_type": "sqlite", "query_refs_spending_predictions": false}, "hypothesisId": "H1", "timestamp": 1772341278328}
{"sessionId": "185af0", "location": "database.py:run_query", "message": "SQLite path", "data": {"db_type": "sqlite", "query_refs_spending_predictions": false}, "hypothesisId": "H1", "timestamp": 1772341278331}
{"sessionId": "185af0", "location": "database.py:run_query", "message": "SQLite path", "data": {"db_type": "sqlite", "query_refs_spending_predictions": false}, "hypothesisId": "H1", "timestamp": 1772341278334}
{"sessionId": "185af0", "location": "database.py:run_query", "message": "SQLite path", "data": {"db_type": "sqlite", "query_refs_spending_predictions": false}, "hypothesisId": "H1", "timestamp": 1772341278337}
{"sessionId": "185af0", "location": "database.py:run_query", "message": "SQLite path", "data": {"db_type": "sqlite", "query_refs_spending_predictions": false}, "hypothesisId": "H1", "timestamp": 1772341278340}
{"sessionId": "185af0", "location": "database.py:run_query", "message": "SQLite path", "data": {"db_type": "sqlite", "query_refs_spending_predictions": false}, "hypothesisId": "H1", "timestamp": 1772341278342}
{"sessionId": "185af0", "location": "database.py:run_query", "message": "SQLite path", "data": {"db_type": "sqlite", "query_refs_spending_predictions": true}, "hypothesisId": "H1", "timestamp": 1772341278345}
{"sessionId": "185af0", "location": "database.py:run_query", "message": "SQLite path", "data": {"db_type": "sqlite", "query_refs_spending_predictions": true}, "hypothesisId": "H1", "timestamp": 1772341278348}
{"sessionId": "185af0", "location": "database.py:run_query", "message": "SQLite path", "data": {"db_type": "sqlite", "query_refs_spending_predictions": false}, "hypothesisId": "H1", "timestamp": 1772341376776}
{"sessionId": "185af0", "location": "database.py:run_query", "message": "SQLite path", "data": {"db_type": "sqlite", "query_refs_spending_predictions": false}, "hypothesisId": "H1", "timestamp": 1772341376778}
{"sessionId": "185af0", "location": "database.py:run_query", "message": "SQLite path", "data": {"db_type": "sqlite", "query_refs_spending_predictions": false}, "hypothesisId": "H1", "timestamp": 1772341376778}
{"sessionId": "185af0", "location": "database.py:run_query", "message": "SQLite path", "data": {"db_type": "sqlite", "query_refs_spending_predictions": false}, "hypothesisId": "H1", "timestamp": 1772341376779}
{"sessionId": "185af0", "location": "database.py:run_query", "message": "SQLite path", "data": {"db_type": "sqlite", "query_refs_spending_predictions": false}, "hypothesisId": "H1", "timestamp": 1772341376781}
{"sessionId": "185af0", "location": "database.py:run_query", "message": "SQLite path", "data": {"db_type": "sqlite", "query_refs_spending_predictions": false}, "hypothesisId": "H1", "timestamp": 1772341376781}
{"sessionId": "185af0", "location": "database.py:run_query", "message": "SQLite path", "data": {"db_type": "sqlite", "query_refs_spending_predictions": true}, "hypothesisId": "H1", "timestamp": 1772341376784}
{"sessionId": "185af0", "location": "database.py:run_query", "message": "SQLite path", "data": {"db_type": "sqlite", "query_refs_spending_predictions": true}, "hypothesisId": "H1", "timestamp": 1772341376786}
{"sessionId": "185af0", "location": "database.py:run_query", "message": "SQLite path", "data": {"db_type": "sqlite", "query_refs_spending_predictions": false}, "hypothesisId": "H1", "timestamp": 1772341378634}
{"sessionId": "185af0", "location": "gcalendar/service.py", "message": "sync_calendar: token check", "data": {"db_type": "sqlite", "has_rows": true, "has_token": true}, "hypothesisId": "sync_debug", "timestamp": 1772341378635}
{"sessionId": "185af0", "location": "gcalendar/service.py", "message": "sync_calendar: fetch ok, saving events", "data": {"event_count": 2}, "hypothesisId": "sync_debug", "timestamp": 1772341379763}
{"sessionId": "185af0", "location": "database.py:run_query", "message": "SQLite path", "data": {"db_type": "sqlite", "query_refs_spending_predictions": false}, "hypothesisId": "H1", "timestamp": 1772341379763}
{"sessionId": "185af0", "location": "database.py:run_query", "message": "SQLite path", "data": {"db_type": "sqlite", "query_refs_spending_predictions": false}, "hypothesisId": "H1", "timestamp": 1772341379780}
{"sessionId": "185af0", "location": "database.py:run_query", "message": "SQLite path", "data": {"db_type": "sqlite", "query_refs_spending_predictions": false}, "hypothesisId": "H1", "timestamp": 1772341380871}
{"sessionId": "185af0", "location": "database.py:run_query", "message": "SQLite path", "data": {"db_type": "sqlite", "query_refs_spending_predictions": true}, "hypothesisId": "H1", "timestamp": 1772341380872}
{"sessionId": "185af0", "location": "predictions/service.py", "message": "generate_predictions: events fetched", "data": {"db_type": "sqlite", "event_count": 0}, "hypothesisId": "predict_verify", "timestamp": 1772341380872}
{"sessionId": "185af0", "location": "database.py:run_query", "message": "SQLite path", "data": {"db_type": "sqlite", "query_refs_spending_predictions": false}, "hypothesisId": "H1", "timestamp": 1772341381884}
{"sessionId": "185af0", "location": "database.py:run_query", "message": "SQLite path", "data": {"db_type": "sqlite", "query_refs_spending_predictions": true}, "hypothesisId": "H1", "timestamp": 1772341381885}
{"sessionId": "185af0", "location": "predictions/service.py", "message": "generate_predictions: events fetched", "data": {"db_type": "sqlite", "event_count": 0}, "hypothesisId": "predict_verify", "timestamp": 1772341381885}
{"sessionId": "185af0", "location": "database.py:run_query", "message": "SQLite path", "data": {"db_type": "sqlite", "query_refs_spending_predictions": false}, "hypothesisId": "H1", "timestamp": 1772341384231}
{"sessionId": "185af0", "location": "database.py:run_query", "message": "SQLite path", "data": {"db_type": "sqlite", "query_refs_spending_predictions": false}, "hypothesisId": "H1", "timestamp": 1772341384240}
{"sessionId": "185af0", "location": "database.py:run_query", "message": "SQLite path", "data": {"db_type": "sqlite", "query_refs_spending_predictions": true}, "hypothesisId": "H1", "timestamp": 1772341385310}
{"sessionId": "185af0", "location": "database.py:run_query", "message": "SQLite path", "data": {"db_type": "sqlite", "query_refs_spending_predictions": true}, "hypothesisId": "H1", "timestamp": 1772341385313}
{"sessionId": "185af0", "location": "database.py:run_query", "message": "SQLite path", "data": {"db_type": "sqlite", "query_refs_spending_predictions": false}, "hypothesisId": "H1", "timestamp": 1772341392739}
{"sessionId": "185af0", "location": "database.py:run_query", "message": "SQLite path", "data": {"db_type": "sqlite", "query_refs_spending_predictions": false}, "hypothesisId": "H1", "timestamp": 1772341392741}
{"sessionId": "185af0", "location": "database.py:run_query", "message": "SQLite path", "data": {"db_type": "sqlite", "query_refs_spending_predictions": false}, "hypothesisId": "H1", "timestamp": 1772341392741}
{"sessionId": "185af0", "location": "database.py:run_query", "message": "SQLite path", "data": {"db_type": "sqlite", "query_refs_spending_predictions": false}, "hypothesisId": "H1", "timestamp": 1772341392741}
{"sessionId": "185af0", "location": "database.py:run_query", "message": "SQLite path", "data": {"db_type": "sqlite", "query_refs_spending_predictions": false}, "hypothesisId": "H1", "timestamp": 1772341392744}
{"sessionId": "185af0", "location": "database.py:run_query", "message": "SQLite path", "data": {"db_type": "sqlite", "query_refs_spending_predictions": false}, "hypothesisId": "H1", "timestamp": 1772341392752}
{"sessionId": "185af0", "location": "database.py:run_query", "message": "SQLite path", "data": {"db_type": "sqlite", "query_refs_spending_predictions": false}, "hypothesisId": "H1", "timestamp": 1772341392752}
{"sessionId": "185af0", "location": "database.py:run_query", "message": "SQLite path", "data": {"db_type": "sqlite", "query_refs_spending_predictions": false}, "hypothesisId": "H1", "timestamp": 1772341392762}
{"sessionId": "185af0", "location": "database.py:run_query", "message": "SQLite path", "data": {"db_type": "sqlite", "query_refs_spending_predictions": false}, "hypothesisId": "H1", "timestamp": 1772341393005}
{"sessionId": "185af0", "location": "database.py:run_query", "message": "SQLite path", "data": {"db_type": "sqlite", "query_refs_spending_predictions": false}, "hypothesisId": "H1", "timestamp": 1772341400786}
{"sessionId": "185af0", "location": "database.py:run_query", "message": "SQLite path", "data": {"db_type": "sqlite", "query_refs_spending_predictions": false}, "hypothesisId": "H1", "timestamp": 1772341403666}
{"sessionId": "185af0", "location": "database.py:run_query", "message": "SQLite path", "data": {"db_type": "sqlite", "query_refs_spending_predictions": true}, "hypothesisId": "H1", "timestamp": 1772341415793}
{"sessionId": "185af0", "location": "database.py:run_query", "message": "SQLite path", "data": {"db_type": "sqlite", "query_refs_spending_predictions": true}, "hypothesisId": "H1", "timestamp": 1772341415796}
{"sessionId": "185af0", "location": "database.py:run_query", "message": "SQLite path", "data": {"db_type": "sqlite", "query_refs_spending_predictions": false}, "hypothesisId": "H1", "timestamp": 1772341443694}
{"sessionId": "185af0", "location": "database.py:run_query", "message": "SQLite path", "data": {"db_type": "sqlite", "query_refs_spending_predictions": false}, "hypothesisId": "H1", "timestamp": 1772341443784}
{"sessionId": "185af0", "location": "database.py:run_query", "message": "SQLite path", "data": {"db_type": "sqlite", "query_refs_spending_predictions": false}, "hypothesisId": "H1", "timestamp": 1772341443787}
{"sessionId": "185af0", "location": "database.py:run_query", "message": "SQLite path", "data": {"db_type": "sqlite", "query_refs_spending_predictions": false}, "hypothesisId": "H1", "timestamp": 1772341443789}
{"sessionId": "185af0", "location": "database.py:run_query", "message": "SQLite path", "data": {"db_type": "sqlite", "query_refs_spending_predictions": false}, "hypothesisId": "H1", "timestamp": 1772341443792}
{"sessionId": "185af0", "location": "database.py:run_query", "message": "SQLite path", "data": {"db_type": "sqlite", "query_refs_spending_predictions": false}, "hypothesisId": "H1", "timestamp": 1772341443794}
{"sessionId": "185af0", "location": "database.py:run_query", "message": "SQLite path", "data": {"db_type": "sqlite", "query_refs_spending_predictions": true}, "hypothesisId": "H1", "timestamp": 1772341443802}
{"sessionId": "185af0", "location": "database.py:run_query", "message": "SQLite path", "data": {"db_type": "sqlite", "query_refs_spending_predictions": true}, "hypothesisId": "H1", "timestamp": 1772341443804}
{"sessionId": "185af0", "location": "database.py:run_query", "message": "SQLite path", "data": {"db_type": "sqlite", "query_refs_spending_predictions": false}, "hypothesisId": "H1", "timestamp": 1772341623884}
{"sessionId": "185af0", "location": "database.py:run_query", "message": "SQLite path", "data": {"db_type": "sqlite", "query_refs_spending_predictions": false}, "hypothesisId": "H1", "timestamp": 1772341623884}
{"sessionId": "185af0", "location": "database.py:run_query", "message": "SQLite path", "data": {"db_type": "sqlite", "query_refs_spending_predictions": false}, "hypothesisId": "H1", "timestamp": 1772341623885}
{"sessionId": "185af0", "location": "database.py:run_query", "message": "SQLite path", "data": {"db_type": "sqlite", "query_refs_spending_predictions": false}, "hypothesisId": "H1", "timestamp": 1772341623888}
{"sessionId": "185af0", "location": "database.py:run_query", "message": "SQLite path", "data": {"db_type": "sqlite", "query_refs_spending_predictions": false}, "hypothesisId": "H1", "timestamp": 1772341623888}
{"sessionId": "185af0", "location": "database.py:run_query", "message": "SQLite path", "data": {"db_type": "sqlite", "query_refs_spending_predictions": false}, "hypothesisId": "H1", "timestamp": 1772341623888}
{"sessionId": "185af0", "location": "database.py:run_query", "message": "SQLite path", "data": {"db_type": "sqlite", "query_refs_spending_predictions": true}, "hypothesisId": "H1", "timestamp": 1772341623895}
{"sessionId": "185af0", "location": "database.py:run_query", "message": "SQLite path", "data": {"db_type": "sqlite", "query_refs_spending_predictions": true}, "hypothesisId": "H1", "timestamp": 1772341623898}
{"sessionId": "185af0", "location": "database.py:run_query", "message": "SQLite path", "data": {"db_type": "sqlite", "query_refs_spending_predictions": false}, "hypothesisId": "H1", "timestamp": 1772341652050}
{"sessionId": "185af0", "location": "database.py:run_query", "message": "SQLite path", "data": {"db_type": "sqlite", "query_refs_spending_predictions": false}, "hypothesisId": "H1", "timestamp": 1772341652054}
{"sessionId": "185af0", "location": "database.py:run_query", "message": "SQLite path", "data": {"db_type": "sqlite", "query_refs_spending_predictions": false}, "hypothesisId": "H1", "timestamp": 1772341652054}
{"sessionId": "185af0", "location": "database.py:run_query", "message": "SQLite path", "data": {"db_type": "sqlite", "query_refs_spending_predictions": false}, "hypothesisId": "H1", "timestamp": 1772341652054}
{"sessionId": "185af0", "location": "database.py:run_query", "message": "SQLite path", "data": {"db_type": "sqlite", "query_refs_spending_predictions": false}, "hypothesisId": "H1", "timestamp": 1772341652058}
{"sessionId": "185af0", "location": "database.py:run_query", "message": "SQLite path", "data": {"db_type": "sqlite", "query_refs_spending_predictions": false}, "hypothesisId": "H1", "timestamp": 1772341652058}
{"sessionId": "185af0", "location": "database.py:run_query", "message": "SQLite path", "data": {"db_type": "sqlite", "query_refs_spending_predictions": true}, "hypothesisId": "H1", "timestamp": 1772341652067}
{"sessionId": "185af0", "location": "database.py:run_query", "message": "SQLite path", "data": {"db_type": "sqlite", "query_refs_spending_predictions": true}, "hypothesisId": "H1", "timestamp": 1772341652070}
{"sessionId": "185af0", "location": "database.py:run_query", "message": "SQLite path", "data": {"db_type": "sqlite", "query_refs_spending_predictions": false}, "hypothesisId": "H1", "timestamp": 1772341656600}
{"sessionId": "185af0", "location": "database.py:run_query", "message": "SQLite path", "data": {"db_type": "sqlite", "query_refs_spending_predictions": true}, "hypothesisId": "H1", "timestamp": 1772341656601}
{"sessionId": "185af0", "location": "predictions/service.py", "message": "generate_predictions: events fetched", "data": {"db_type": "sqlite", "event_count": 0}, "hypothesisId": "predict_verify", "timestamp": 1772341656602}
{"sessionId": "185af0", "location": "database.py:run_query", "message": "SQLite path", "data": {"db_type": "sqlite", "query_refs_spending_predictions": false}, "hypothesisId": "H1", "timestamp": 1772341658042}
{"sessionId": "185af0", "location": "gcalendar/service.py", "message": "sync_calendar: token check", "data": {"db_type": "sqlite", "has_rows": true, "has_token": true}, "hypothesisId": "sync_debug", "timestamp": 1772341658042}
{"sessionId": "185af0", "location": "gcalendar/service.py", "message": "sync_calendar: fetch ok, saving events", "data": {"event_count": 2}, "hypothesisId": "sync_debug", "timestamp": 1772341659148}
{"sessionId": "185af0", "location": "database.py:run_query", "message": "SQLite path", "data": {"db_type": "sqlite", "query_refs_spending_predictions": false}, "hypothesisId": "H1", "timestamp": 1772341659148}
{"sessionId": "185af0", "location": "database.py:run_query", "message": "SQLite path", "data": {"db_type": "sqlite", "query_refs_spending_predictions": false}, "hypothesisId": "H1", "timestamp": 1772341659163}
{"sessionId": "185af0", "location": "database.py:run_query", "message": "SQLite path", "data": {"db_type": "sqlite", "query_refs_spending_predictions": false}, "hypothesisId": "H1", "timestamp": 1772341660128}
{"sessionId": "185af0", "location": "database.py:run_query", "message": "SQLite path", "data": {"db_type": "sqlite", "query_refs_spending_predictions": true}, "hypothesisId": "H1", "timestamp": 1772341660128}
{"sessionId": "185af0", "location": "predictions/service.py", "message": "generate_predictions: events fetched", "data": {"db_type": "sqlite", "event_count": 0}, "hypothesisId": "predict_verify", "timestamp": 1772341660129}
{"sessionId": "185af0", "location": "database.py:run_query", "message": "SQLite path", "data": {"db_type": "sqlite", "query_refs_spending_predictions": false}, "hypothesisId": "H1", "timestamp": 1772341661317}
{"sessionId": "185af0", "location": "database.py:run_query", "message": "SQLite path", "data": {"db_type": "sqlite", "query_refs_spending_predictions": true}, "hypothesisId": "H1", "timestamp": 1772341661317}
{"sessionId": "185af0", "location": "predictions/service.py", "message": "generate_predictions: events fetched", "data": {"db_type": "sqlite", "event_count": 0}, "hypothesisId": "predict_verify", "timestamp": 1772341661318}
{"sessionId": "185af0", "location": "database.py:run_query", "message": "SQLite path", "data": {"db_type": "sqlite", "query_refs_spending_predictions": false}, "hypothesisId": "H1", "timestamp": 1772341781521}
{"sessionId": "185af0", "location": "database.py:run_query", "message": "SQLite path", "data": {"db_type": "sqlite", "query_refs_spending_predictions": false}, "hypothesisId": "H1", "timestamp": 1772341781521}
{"sessionId": "185af0", "location": "database.py:run_query", "message": "SQLite path", "data": {"db_type": "sqlite", "query_refs_spending_predictions": false}, "hypothesisId": "H1", "timestamp": 1772341781521}
{"sessionId": "185af0", "location": "database.py:run_query", "message": "SQLite path", "data": {"db_type": "sqlite", "query_refs_spending_predictions": false}, "hypothesisId": "H1", "timestamp": 1772341781525}
{"sessionId": "185af0", "location": "database.py:run_query", "message": "SQLite path", "data": {"db_type": "sqlite", "query_refs_spending_predictions": false}, "hypothesisId": "H1", "timestamp": 1772341781525}
{"sessionId": "185af0", "location": "database.py:run_query", "message": "SQLite path", "data": {"db_type": "sqlite", "query_refs_spending_predictions": false}, "hypothesisId": "H1", "timestamp": 1772341781526}
{"sessionId": "185af0", "location": "database.py:run_query", "message": "SQLite path", "data": {"db_type": "sqlite", "query_refs_spending_predictions": true}, "hypothesisId": "H1", "timestamp": 1772341781531}
{"sessionId": "185af0", "location": "database.py:run_query", "message": "SQLite path", "data": {"db_type": "sqlite", "query_refs_spending_predictions": true}, "hypothesisId": "H1", "timestamp": 1772341781533}
